<?xml version="1.0" encoding="UTF-8"?>
<testsuite name="Test joueur pour:" tests="3" skipped="0" failures="0" errors="0" timestamp="2024-10-14T09:49:46" hostname="ORDI-HUGO" time="0.158">
  <properties/>
  <testcase name="des joueurs de noms diffÃ©rents" classname="org.iut.mastermind.domain.partie.TestJoueur" time="0.123"/>
  <testcase name="des joueurs de noms identiques" classname="org.iut.mastermind.domain.partie.TestJoueur" time="0.002"/>
  <testcase name="des joueurs avec un hashcode Ã©gal" classname="org.iut.mastermind.domain.partie.TestJoueur" time="0.025"/>
  <system-out><![CDATA[]]></system-out>
  <system-err><![CDATA[]]></system-err>
</testsuite>
